<?xml version="1.0" encoding="UTF-8"?>
<!-- Generated by org.testng.reporters.JUnitXMLReporter -->
<testsuite ignored="0" hostname="DESKTOP-NKE74KJ" failures="3" tests="14" name="Test" time="1994.806" errors="0" timestamp="2023-04-24T18:14:01 IST">
  <testcase classname="com.bestbuy.tests.brokenLinkTest" name="checkurl" time="21.087"/>
  <testcase classname="com.bestbuy.tests.OrderConformationTest" name="sucessfullOrder" time="193.975">
    <failure type="org.junit.ComparisonFailure" message="expected:&amp;lt;Checkout [–] Best Buy&amp;gt; but was:&amp;lt;Checkout [-] Best Buy&amp;gt;">
      <![CDATA[org.junit.ComparisonFailure: expected:<Checkout [–] Best Buy> but was:<Checkout [-] Best Buy>
at org.junit.Assert.assertEquals(Assert.java:117)
at org.junit.Assert.assertEquals(Assert.java:146)
at com.bestbuy.tests.OrderConformationTest.sucessfullOrder(OrderConformationTest.java:43)
at java.base/java.util.ArrayList.forEach(ArrayList.java:1511)
... Removed 27 stack frames]]>
    </failure>
  </testcase> <!-- sucessfullOrder -->
  <testcase classname="com.bestbuy.tests.LoginPageOpenTest" name="loginOpen" time="95.344"/>
  <testcase classname="com.bestbuy.tests.SelectItemByBrandTest" name="byBrand" time="93.767">
    <failure type="org.junit.ComparisonFailure" message="expected:&amp;lt;[Apple iPad mini (Latest Model) with Wi-Fi 64GB Space Gray MK7M3LL/A] - Best Buy&amp;gt; but was:&amp;lt;[Cart] - Best Buy&amp;gt;">
      <![CDATA[org.junit.ComparisonFailure: expected:<[Apple iPad mini (Latest Model) with Wi-Fi 64GB Space Gray MK7M3LL/A] - Best Buy> but was:<[Cart] - Best Buy>
at org.junit.Assert.assertEquals(Assert.java:117)
at org.junit.Assert.assertEquals(Assert.java:146)
at com.bestbuy.tests.SelectItemByBrandTest.byBrand(SelectItemByBrandTest.java:38)
at java.base/java.util.ArrayList.forEach(ArrayList.java:1511)
... Removed 27 stack frames]]>
    </failure>
  </testcase> <!-- byBrand -->
  <testcase classname="com.bestbuy.tests.LoginTest" name="loginBestbuy" time="127.226"/>
  <testcase classname="com.bestbuy.tests.SelectCountryTest" name="selectCountry" time="46.621">
    <failure type="org.junit.ComparisonFailure" message="expected:&amp;lt;Best Buy[ | Official Online Store | Shop Now &amp;amp; Save]&amp;gt; but was:&amp;lt;Best Buy[[ | Official Online Store | Shop Now &amp;amp; Save]]&amp;gt;">
      <![CDATA[org.junit.ComparisonFailure: expected:<Best Buy[ | Official Online Store | Shop Now & Save]> but was:<Best Buy[[ | Official Online Store | Shop Now & Save]]]]><![CDATA[>
at org.junit.Assert.assertEquals(Assert.java:117)
at org.junit.Assert.assertEquals(Assert.java:146)
at com.bestbuy.tests.SelectCountryTest.selectCountry(SelectCountryTest.java:24)
at java.base/java.util.ArrayList.forEach(ArrayList.java:1511)
... Removed 27 stack frames]]>
    </failure>
  </testcase> <!-- selectCountry -->
  <testcase classname="com.bestbuy.tests.PaymentTest" name="paymentToCart" time="499.994"/>
  <testcase classname="com.bestbuy.tests.FooterTest" name="bottomLinkVerification" time="88.438"/>
  <testcase classname="com.bestbuy.tests.CreateAccountTest" name="newAccount" time="116.538"/>
  <testcase classname="com.bestbuy.tests.ValidateMenuTest" name="menuVerify" time="65.024"/>
  <testcase classname="com.bestbuy.tests.ValidateMenuTest" name="validateTitle" time="222.935"/>
  <testcase classname="com.bestbuy.tests.TakeScreenshotTest" name="takeShoot" time="201.276"/>
  <testcase classname="com.bestbuy.tests.ShopDepartmentTest" name="departmentToCart" time="154.293"/>
  <testcase classname="com.bestbuy.tests.SearchItemTestPage" name="addToCartParticularItem" time="67.408"/>
</testsuite> <!-- Test -->
